<component name="libraryTable">
  <library name="junit_junit_4.8.2_test">
    <CLASSES>
      <root url="jar://$USER_HOME$/.ivy2/cache/junit/junit/jars/junit-4.8.2.jar!/"></root>
    </CLASSES>
    <JAVADOC> </JAVADOC>
    <SOURCES> </SOURCES>
  </library>
</component>